andriod_app/emo2repo/libstreaming/build/outputs/logs/manifest-merger-debug-report.txt
-- Merging decision tree log ---
manifest
ADDED from src/main/AndroidManifest.xml:1:1-5:12
INJECTED from src/main/AndroidManifest.xml:1:1-5:12
INJECTED from src/main/AndroidManifest.xml:1:1-5:12
INJECTED from src/main/AndroidManifest.xml:1:1-5:12
INJECTED from src/main/AndroidManifest.xml:1:1-5:12
INJECTED from src/main/AndroidManifest.xml:1:1-5:12
INJECTED from src/main/AndroidManifest.xml:1:1-5:12
	package
		ADDED from src/main/AndroidManifest.xml:2:5-45
		INJECTED from src/main/AndroidManifest.xml
		INJECTED from src/main/AndroidManifest.xml
	android:versionName
		ADDED from src/main/AndroidManifest.xml:4:5-30
		INJECTED from src/main/AndroidManifest.xml
		INJECTED from src/main/AndroidManifest.xml
	xmlns:android
		ADDED from src/main/AndroidManifest.xml:1:11-69
	android:versionCode
		ADDED from src/main/AndroidManifest.xml:3:5-29
		INJECTED from src/main/AndroidManifest.xml
		INJECTED from src/main/AndroidManifest.xml